This is pdfTeX, Version 3.141592653-2.6-1.40.22 (TeX Live 2022/dev/Debian) (preloaded format=pdflatex 2026.2.17)  3 MAR 2026 17:18
entering extended mode
 restricted \write18 enabled.
 %&-line parsing enabled.
**main.tex
(./main.tex
LaTeX2e <2021-11-15> patch level 1
L3 programming layer <2022-01-21>
(/usr/share/texlive/texmf-dist/tex/latex/base/article.cls
Document Class: article 2021/10/04 v1.4n Standard LaTeX document class
(/usr/share/texlive/texmf-dist/tex/latex/base/size12.clo
File: size12.clo 2021/10/04 v1.4n Standard LaTeX file (size option)
)
\c@part=\count185
\c@section=\count186
\c@subsection=\count187
\c@subsubsection=\count188
\c@paragraph=\count189
\c@subparagraph=\count190
\c@figure=\count191
\c@table=\count192
\abovecaptionskip=\skip47
\belowcaptionskip=\skip48
\bibindent=\dimen138
)
(/usr/share/texlive/texmf-dist/tex/latex/base/inputenc.sty
Package: inputenc 2021/02/14 v1.3d Input encoding file
\inpenc@prehook=\toks16
\inpenc@posthook=\toks17
)
(/usr/share/texlive/texmf-dist/tex/latex/base/fontenc.sty
Package: fontenc 2021/04/29 v2.0v Standard LaTeX package
)
(/usr/share/texmf/tex/latex/lm/lmodern.sty
Package: lmodern 2009/10/30 v1.6 Latin Modern Fonts
LaTeX Font Info:    Overwriting symbol font `operators' in version `normal'
(Font)                  OT1/cmr/m/n --> OT1/lmr/m/n on input line 22.
LaTeX Font Info:    Overwriting symbol font `letters' in version `normal'
(Font)                  OML/cmm/m/it --> OML/lmm/m/it on input line 23.
LaTeX Font Info:    Overwriting symbol font `symbols' in version `normal'
(Font)                  OMS/cmsy/m/n --> OMS/lmsy/m/n on input line 24.
LaTeX Font Info:    Overwriting symbol font `largesymbols' in version `normal'
(Font)                  OMX/cmex/m/n --> OMX/lmex/m/n on input line 25.
LaTeX Font Info:    Overwriting symbol font `operators' in version `bold'
(Font)                  OT1/cmr/bx/n --> OT1/lmr/bx/n on input line 26.
LaTeX Font Info:    Overwriting symbol font `letters' in version `bold'
(Font)                  OML/cmm/b/it --> OML/lmm/b/it on input line 27.
LaTeX Font Info:    Overwriting symbol font `symbols' in version `bold'
(Font)                  OMS/cmsy/b/n --> OMS/lmsy/b/n on input line 28.
LaTeX Font Info:    Overwriting symbol font `largesymbols' in version `bold'
(Font)                  OMX/cmex/m/n --> OMX/lmex/m/n on input line 29.
LaTeX Font Info:    Overwriting math alphabet `\mathbf' in version `normal'
(Font)                  OT1/cmr/bx/n --> OT1/lmr/bx/n on input line 31.
LaTeX Font Info:    Overwriting math alphabet `\mathsf' in version `normal'
(Font)                  OT1/cmss/m/n --> OT1/lmss/m/n on input line 32.
LaTeX Font Info:    Overwriting math alphabet `\mathit' in version `normal'
(Font)                  OT1/cmr/m/it --> OT1/lmr/m/it on input line 33.
LaTeX Font Info:    Overwriting math alphabet `\mathtt' in version `normal'
(Font)                  OT1/cmtt/m/n --> OT1/lmtt/m/n on input line 34.
LaTeX Font Info:    Overwriting math alphabet `\mathbf' in version `bold'
(Font)                  OT1/cmr/bx/n --> OT1/lmr/bx/n on input line 35.
LaTeX Font Info:    Overwriting math alphabet `\mathsf' in version `bold'
(Font)                  OT1/cmss/bx/n --> OT1/lmss/bx/n on input line 36.
LaTeX Font Info:    Overwriting math alphabet `\mathit' in version `bold'
(Font)                  OT1/cmr/bx/it --> OT1/lmr/bx/it on input line 37.
LaTeX Font Info:    Overwriting math alphabet `\mathtt' in version `bold'
(Font)                  OT1/cmtt/m/n --> OT1/lmtt/m/n on input line 38.
)
(/usr/share/texlive/texmf-dist/tex/latex/geometry/geometry.sty
Package: geometry 2020/01/02 v5.9 Page Geometry

(/usr/share/texlive/texmf-dist/tex/latex/graphics/keyval.sty
Package: keyval 2014/10/28 v1.15 key=value parser (DPC)
\KV@toks@=\toks18
)
(/usr/share/texlive/texmf-dist/tex/generic/iftex/ifvtex.sty
Package: ifvtex 2019/10/25 v1.7 ifvtex legacy package. Use iftex instead.

(/usr/share/texlive/texmf-dist/tex/generic/iftex/iftex.sty
Package: iftex 2020/03/06 v1.0d TeX engine tests
))
\Gm@cnth=\count193
\Gm@cntv=\count194
\c@Gm@tempcnt=\count195
\Gm@bindingoffset=\dimen139
\Gm@wd@mp=\dimen140
\Gm@odd@mp=\dimen141
\Gm@even@mp=\dimen142
\Gm@layoutwidth=\dimen143
\Gm@layoutheight=\dimen144
\Gm@layouthoffset=\dimen145
\Gm@layoutvoffset=\dimen146
\Gm@dimlist=\toks19
)
(/usr/share/texlive/texmf-dist/tex/latex/amsmath/amsmath.sty
Package: amsmath 2021/10/15 v2.17l AMS math features
\@mathmargin=\skip49

For additional information on amsmath, use the `?' option.
(/usr/share/texlive/texmf-dist/tex/latex/amsmath/amstext.sty
Package: amstext 2021/08/26 v2.01 AMS text

(/usr/share/texlive/texmf-dist/tex/latex/amsmath/amsgen.sty
File: amsgen.sty 1999/11/30 v2.0 generic functions
\@emptytoks=\toks20
\ex@=\dimen147
))
(/usr/share/texlive/texmf-dist/tex/latex/amsmath/amsbsy.sty
Package: amsbsy 1999/11/29 v1.2d Bold Symbols
\pmbraise@=\dimen148
)
(/usr/share/texlive/texmf-dist/tex/latex/amsmath/amsopn.sty
Package: amsopn 2021/08/26 v2.02 operator names
)
\inf@bad=\count196
LaTeX Info: Redefining \frac on input line 234.
\uproot@=\count197
\leftroot@=\count198
LaTeX Info: Redefining \overline on input line 399.
\classnum@=\count199
\DOTSCASE@=\count266
LaTeX Info: Redefining \ldots on input line 496.
LaTeX Info: Redefining \dots on input line 499.
LaTeX Info: Redefining \cdots on input line 620.
\Mathstrutbox@=\box50
\strutbox@=\box51
\big@size=\dimen149
LaTeX Font Info:    Redeclaring font encoding OML on input line 743.
LaTeX Font Info:    Redeclaring font encoding OMS on input line 744.
\macc@depth=\count267
\c@MaxMatrixCols=\count268
\dotsspace@=\muskip16
\c@parentequation=\count269
\dspbrk@lvl=\count270
\tag@help=\toks21
\row@=\count271
\column@=\count272
\maxfields@=\count273
\andhelp@=\toks22
\eqnshift@=\dimen150
\alignsep@=\dimen151
\tagshift@=\dimen152
\tagwidth@=\dimen153
\totwidth@=\dimen154
\lineht@=\dimen155
\@envbody=\toks23
\multlinegap=\skip50
\multlinetaggap=\skip51
\mathdisplay@stack=\toks24
LaTeX Info: Redefining \[ on input line 2938.
LaTeX Info: Redefining \] on input line 2939.
)
(/usr/share/texlive/texmf-dist/tex/latex/amsfonts/amssymb.sty
Package: amssymb 2013/01/14 v3.01 AMS font symbols

(/usr/share/texlive/texmf-dist/tex/latex/amsfonts/amsfonts.sty
Package: amsfonts 2013/01/14 v3.01 Basic AMSFonts support
\symAMSa=\mathgroup4
\symAMSb=\mathgroup5
LaTeX Font Info:    Redeclaring math symbol \hbar on input line 98.
LaTeX Font Info:    Overwriting math alphabet `\mathfrak' in version `bold'
(Font)                  U/euf/m/n --> U/euf/b/n on input line 106.
))
(/usr/share/texlive/texmf-dist/tex/latex/amscls/amsthm.sty
Package: amsthm 2020/05/29 v2.20.6
\thm@style=\toks25
\thm@bodyfont=\toks26
\thm@headfont=\toks27
\thm@notefont=\toks28
\thm@headpunct=\toks29
\thm@preskip=\skip52
\thm@postskip=\skip53
\thm@headsep=\skip54
\dth@everypar=\toks30
)
(/usr/share/texlive/texmf-dist/tex/latex/mathtools/mathtools.sty
Package: mathtools 2021/02/02 v1.28 mathematical typesetting tools

(/usr/share/texlive/texmf-dist/tex/latex/tools/calc.sty
Package: calc 2017/05/25 v4.3 Infix arithmetic (KKT,FJ)
\calc@Acount=\count274
\calc@Bcount=\count275
\calc@Adimen=\dimen156
\calc@Bdimen=\dimen157
\calc@Askip=\skip55
\calc@Bskip=\skip56
LaTeX Info: Redefining \setlength on input line 80.
LaTeX Info: Redefining \addtolength on input line 81.
\calc@Ccount=\count276
\calc@Cskip=\skip57
)
(/usr/share/texlive/texmf-dist/tex/latex/mathtools/mhsetup.sty
Package: mhsetup 2021/03/18 v1.4 programming setup (MH)
)
\g_MT_multlinerow_int=\count277
\l_MT_multwidth_dim=\dimen158
\origjot=\skip58
\l_MT_shortvdotswithinadjustabove_dim=\dimen159
\l_MT_shortvdotswithinadjustbelow_dim=\dimen160
\l_MT_above_intertext_sep=\dimen161
\l_MT_below_intertext_sep=\dimen162
\l_MT_above_shortintertext_sep=\dimen163
\l_MT_below_shortintertext_sep=\dimen164
\xmathstrut@box=\box52
\xmathstrut@dim=\dimen165
)
(/usr/share/texlive/texmf-dist/tex/latex/natbib/natbib.sty
Package: natbib 2010/09/13 8.31b (PWD, AO)
\bibhang=\skip59
\bibsep=\skip60
LaTeX Info: Redefining \cite on input line 694.
\c@NAT@ctr=\count278
)
(/usr/share/texlive/texmf-dist/tex/latex/graphics/graphicx.sty
Package: graphicx 2021/09/16 v1.2d Enhanced LaTeX Graphics (DPC,SPQR)

(/usr/share/texlive/texmf-dist/tex/latex/graphics/graphics.sty
Package: graphics 2021/03/04 v1.4d Standard LaTeX Graphics (DPC,SPQR)

(/usr/share/texlive/texmf-dist/tex/latex/graphics/trig.sty
Package: trig 2021/08/11 v1.11 sin cos tan (DPC)
)
(/usr/share/texlive/texmf-dist/tex/latex/graphics-cfg/graphics.cfg
File: graphics.cfg 2016/06/04 v1.11 sample graphics configuration
)
Package graphics Info: Driver file: pdftex.def on input line 107.

(/usr/share/texlive/texmf-dist/tex/latex/graphics-def/pdftex.def
File: pdftex.def 2020/10/05 v1.2a Graphics/color driver for pdftex
))
\Gin@req@height=\dimen166
\Gin@req@width=\dimen167
)
(/usr/share/texlive/texmf-dist/tex/latex/caption/subcaption.sty
Package: subcaption 2020/10/07 v1.3j Sub-captions (AR)

(/usr/share/texlive/texmf-dist/tex/latex/caption/caption.sty
Package: caption 2020/10/26 v3.5g Customizing captions (AR)

(/usr/share/texlive/texmf-dist/tex/latex/caption/caption3.sty
Package: caption3 2020/10/21 v2.2e caption3 kernel (AR)
\captionmargin=\dimen168
\captionmargin@=\dimen169
\captionwidth=\dimen170
\caption@tempdima=\dimen171
\caption@indent=\dimen172
\caption@parindent=\dimen173
\caption@hangindent=\dimen174
Package caption Info: Standard document class detected.
)
\c@caption@flags=\count279
\c@continuedfloat=\count280
)
\c@subfigure=\count281
\c@subtable=\count282
)
(/usr/share/texlive/texmf-dist/tex/latex/booktabs/booktabs.sty
Package: booktabs 2020/01/12 v1.61803398 Publication quality tables
\heavyrulewidth=\dimen175
\lightrulewidth=\dimen176
\cmidrulewidth=\dimen177
\belowrulesep=\dimen178
\belowbottomsep=\dimen179
\aboverulesep=\dimen180
\abovetopsep=\dimen181
\cmidrulesep=\dimen182
\cmidrulekern=\dimen183
\defaultaddspace=\dimen184
\@cmidla=\count283
\@cmidlb=\count284
\@aboverulesep=\dimen185
\@belowrulesep=\dimen186
\@thisruleclass=\count285
\@lastruleclass=\count286
\@thisrulewidth=\dimen187
)
(/usr/share/texlive/texmf-dist/tex/latex/hyperref/hyperref.sty
Package: hyperref 2021-06-07 v7.00m Hypertext links for LaTeX

(/usr/share/texlive/texmf-dist/tex/generic/ltxcmds/ltxcmds.sty
Package: ltxcmds 2020-05-10 v1.25 LaTeX kernel commands for general use (HO)
)
(/usr/share/texlive/texmf-dist/tex/generic/pdftexcmds/pdftexcmds.sty
Package: pdftexcmds 2020-06-27 v0.33 Utility functions of pdfTeX for LuaTeX (HO
)

(/usr/share/texlive/texmf-dist/tex/generic/infwarerr/infwarerr.sty
Package: infwarerr 2019/12/03 v1.5 Providing info/warning/error messages (HO)
)
Package pdftexcmds Info: \pdf@primitive is available.
Package pdftexcmds Info: \pdf@ifprimitive is available.
Package pdftexcmds Info: \pdfdraftmode found.
)
(/usr/share/texlive/texmf-dist/tex/generic/kvsetkeys/kvsetkeys.sty
Package: kvsetkeys 2019/12/15 v1.18 Key value parser (HO)
)
(/usr/share/texlive/texmf-dist/tex/generic/kvdefinekeys/kvdefinekeys.sty
Package: kvdefinekeys 2019-12-19 v1.6 Define keys (HO)
)
(/usr/share/texlive/texmf-dist/tex/generic/pdfescape/pdfescape.sty
Package: pdfescape 2019/12/09 v1.15 Implements pdfTeX's escape features (HO)
)
(/usr/share/texlive/texmf-dist/tex/latex/hycolor/hycolor.sty
Package: hycolor 2020-01-27 v1.10 Color options for hyperref/bookmark (HO)
)
(/usr/share/texlive/texmf-dist/tex/latex/letltxmacro/letltxmacro.sty
Package: letltxmacro 2019/12/03 v1.6 Let assignment for LaTeX macros (HO)
)
(/usr/share/texlive/texmf-dist/tex/latex/auxhook/auxhook.sty
Package: auxhook 2019-12-17 v1.6 Hooks for auxiliary files (HO)
)
(/usr/share/texlive/texmf-dist/tex/latex/kvoptions/kvoptions.sty
Package: kvoptions 2020-10-07 v3.14 Key value format for package options (HO)
)
\@linkdim=\dimen188
\Hy@linkcounter=\count287
\Hy@pagecounter=\count288

(/usr/share/texlive/texmf-dist/tex/latex/hyperref/pd1enc.def
File: pd1enc.def 2021-06-07 v7.00m Hyperref: PDFDocEncoding definition (HO)
Now handling font encoding PD1 ...
... no UTF-8 mapping file for font encoding PD1
)
(/usr/share/texlive/texmf-dist/tex/latex/hyperref/hyperref-langpatches.def
File: hyperref-langpatches.def 2021-06-07 v7.00m Hyperref: patches for babel la
nguages
)
(/usr/share/texlive/texmf-dist/tex/generic/intcalc/intcalc.sty
Package: intcalc 2019/12/15 v1.3 Expandable calculations with integers (HO)
)
(/usr/share/texlive/texmf-dist/tex/generic/etexcmds/etexcmds.sty
Package: etexcmds 2019/12/15 v1.7 Avoid name clashes with e-TeX commands (HO)
)
\Hy@SavedSpaceFactor=\count289

(/usr/share/texlive/texmf-dist/tex/latex/hyperref/puenc.def
File: puenc.def 2021-06-07 v7.00m Hyperref: PDF Unicode definition (HO)
Now handling font encoding PU ...
... no UTF-8 mapping file for font encoding PU
)
Package hyperref Info: Hyper figures OFF on input line 4192.
Package hyperref Info: Link nesting OFF on input line 4197.
Package hyperref Info: Hyper index ON on input line 4200.
Package hyperref Info: Plain pages OFF on input line 4207.
Package hyperref Info: Backreferencing OFF on input line 4212.
Package hyperref Info: Implicit mode ON; LaTeX internals redefined.
Package hyperref Info: Bookmarks ON on input line 4445.
\c@Hy@tempcnt=\count290

(/usr/share/texlive/texmf-dist/tex/latex/url/url.sty
\Urlmuskip=\muskip17
Package: url 2013/09/16  ver 3.4  Verb mode for urls, etc.
)
LaTeX Info: Redefining \url on input line 4804.
\XeTeXLinkMargin=\dimen189

(/usr/share/texlive/texmf-dist/tex/generic/bitset/bitset.sty
Package: bitset 2019/12/09 v1.3 Handle bit-vector datatype (HO)

(/usr/share/texlive/texmf-dist/tex/generic/bigintcalc/bigintcalc.sty
Package: bigintcalc 2019/12/15 v1.5 Expandable calculations on big integers (HO
)
))
\Fld@menulength=\count291
\Field@Width=\dimen190
\Fld@charsize=\dimen191
Package hyperref Info: Hyper figures OFF on input line 6076.
Package hyperref Info: Link nesting OFF on input line 6081.
Package hyperref Info: Hyper index ON on input line 6084.
Package hyperref Info: backreferencing OFF on input line 6091.
Package hyperref Info: Link coloring OFF on input line 6096.
Package hyperref Info: Link coloring with OCG OFF on input line 6101.
Package hyperref Info: PDF/A mode OFF on input line 6106.
LaTeX Info: Redefining \ref on input line 6146.
LaTeX Info: Redefining \pageref on input line 6150.

(/usr/share/texlive/texmf-dist/tex/latex/base/atbegshi-ltx.sty
Package: atbegshi-ltx 2021/01/10 v1.0c Emulation of the original atbegshi
package with kernel methods
)
\Hy@abspage=\count292
\c@Item=\count293
\c@Hfootnote=\count294
)
Package hyperref Info: Driver (autodetected): hpdftex.

(/usr/share/texlive/texmf-dist/tex/latex/hyperref/hpdftex.def
File: hpdftex.def 2021-06-07 v7.00m Hyperref driver for pdfTeX

(/usr/share/texlive/texmf-dist/tex/latex/base/atveryend-ltx.sty
Package: atveryend-ltx 2020/08/19 v1.0a Emulation of the original atveryend pac
kage
with kernel methods
)
\Fld@listcount=\count295
\c@bookmark@seq@number=\count296

(/usr/share/texlive/texmf-dist/tex/latex/rerunfilecheck/rerunfilecheck.sty
Package: rerunfilecheck 2019/12/05 v1.9 Rerun checks for auxiliary files (HO)

(/usr/share/texlive/texmf-dist/tex/generic/uniquecounter/uniquecounter.sty
Package: uniquecounter 2019/12/15 v1.4 Provide unlimited unique counter (HO)
)
Package uniquecounter Info: New unique counter `rerunfilecheck' on input line 2
86.
)
\Hy@SectionHShift=\skip61
)
(/usr/share/texlive/texmf-dist/tex/latex/cleveref/cleveref.sty
Package: cleveref 2018/03/27 v0.21.4 Intelligent cross-referencing
Package cleveref Info: `hyperref' support loaded on input line 2370.
LaTeX Info: Redefining \cref on input line 2370.
LaTeX Info: Redefining \Cref on input line 2370.
LaTeX Info: Redefining \crefrange on input line 2370.
LaTeX Info: Redefining \Crefrange on input line 2370.
LaTeX Info: Redefining \cpageref on input line 2370.
LaTeX Info: Redefining \Cpageref on input line 2370.
LaTeX Info: Redefining \cpagerefrange on input line 2370.
LaTeX Info: Redefining \Cpagerefrange on input line 2370.
LaTeX Info: Redefining \labelcref on input line 2370.
LaTeX Info: Redefining \labelcpageref on input line 2370.
Package cleveref Info: `amsthm' support loaded on input line 3026.
Package cleveref Info: always capitalise cross-reference names on input line 78
25.
Package cleveref Info: always capitalise cross-reference names on input line 78
52.
Package cleveref Info: no abbreviation of names on input line 7852.
)
(/usr/share/texlive/texmf-dist/tex/latex/enumitem/enumitem.sty
Package: enumitem 2019/06/20 v3.9 Customized lists
\labelindent=\skip62
\enit@outerparindent=\dimen192
\enit@toks=\toks31
\enit@inbox=\box53
\enit@count@id=\count297
\enitdp@description=\count298
)
(/usr/share/texlive/texmf-dist/tex/latex/graphics/rotating.sty
Package: rotating 2016/08/11 v2.16d rotated objects in LaTeX

(/usr/share/texlive/texmf-dist/tex/latex/base/ifthen.sty
Package: ifthen 2020/11/24 v1.1c Standard LaTeX ifthen package (DPC)
)
\c@r@tfl@t=\count299
\rotFPtop=\skip63
\rotFPbot=\skip64
\rot@float@box=\box54
\rot@mess@toks=\toks32
)
(/usr/share/texlive/texmf-dist/tex/latex/placeins/placeins.sty
Package: placeins 2005/04/18  v 2.2
)
\c@theorem=\count300
LaTeX Font Info:    Trying to load font information for T1+lmr on input line 68
.

(/usr/share/texmf/tex/latex/lm/t1lmr.fd
File: t1lmr.fd 2009/10/30 v1.6 Font defs for Latin Modern
)
(/usr/share/texlive/texmf-dist/tex/latex/l3backend/l3backend-pdftex.def
File: l3backend-pdftex.def 2022-01-12 L3 backend support: PDF output (pdfTeX)
\l__color_backend_stack_int=\count301
\l__pdf_internal_box=\box55
)
(./main.aux)
\openout1 = `main.aux'.

LaTeX Font Info:    Checking defaults for OML/cmm/m/it on input line 68.
LaTeX Font Info:    ... okay on input line 68.
LaTeX Font Info:    Checking defaults for OMS/cmsy/m/n on input line 68.
LaTeX Font Info:    ... okay on input line 68.
LaTeX Font Info:    Checking defaults for OT1/cmr/m/n on input line 68.
LaTeX Font Info:    ... okay on input line 68.
LaTeX Font Info:    Checking defaults for T1/cmr/m/n on input line 68.
LaTeX Font Info:    ... okay on input line 68.
LaTeX Font Info:    Checking defaults for TS1/cmr/m/n on input line 68.
LaTeX Font Info:    ... okay on input line 68.
LaTeX Font Info:    Checking defaults for OMX/cmex/m/n on input line 68.
LaTeX Font Info:    ... okay on input line 68.
LaTeX Font Info:    Checking defaults for U/cmr/m/n on input line 68.
LaTeX Font Info:    ... okay on input line 68.
LaTeX Font Info:    Checking defaults for PD1/pdf/m/n on input line 68.
LaTeX Font Info:    ... okay on input line 68.
LaTeX Font Info:    Checking defaults for PU/pdf/m/n on input line 68.
LaTeX Font Info:    ... okay on input line 68.

*geometry* driver: auto-detecting
*geometry* detected driver: pdftex
*geometry* verbose mode - [ preamble ] result:
* driver: pdftex
* paper: <default>
* layout: <same size as paper>
* layoutoffset:(h,v)=(0.0pt,0.0pt)
* modes: 
* h-part:(L,W,R)=(72.26999pt, 469.75502pt, 72.26999pt)
* v-part:(T,H,B)=(72.26999pt, 650.43001pt, 72.26999pt)
* \paperwidth=614.295pt
* \paperheight=794.96999pt
* \textwidth=469.75502pt
* \textheight=650.43001pt
* \oddsidemargin=0.0pt
* \evensidemargin=0.0pt
* \topmargin=-37.0pt
* \headheight=12.0pt
* \headsep=25.0pt
* \topskip=12.0pt
* \footskip=30.0pt
* \marginparwidth=44.0pt
* \marginparsep=10.0pt
* \columnsep=10.0pt
* \skip\footins=10.8pt plus 4.0pt minus 2.0pt
* \hoffset=0.0pt
* \voffset=0.0pt
* \mag=1000
* \@twocolumnfalse
* \@twosidefalse
* \@mparswitchfalse
* \@reversemarginfalse
* (1in=72.27pt=25.4mm, 1cm=28.453pt)

(/usr/share/texlive/texmf-dist/tex/context/base/mkii/supp-pdf.mkii
[Loading MPS to PDF converter (version 2006.09.02).]
\scratchcounter=\count302
\scratchdimen=\dimen193
\scratchbox=\box56
\nofMPsegments=\count303
\nofMParguments=\count304
\everyMPshowfont=\toks33
\MPscratchCnt=\count305
\MPscratchDim=\dimen194
\MPnumerator=\count306
\makeMPintoPDFobject=\count307
\everyMPtoPDFconversion=\toks34
) (/usr/share/texlive/texmf-dist/tex/latex/epstopdf-pkg/epstopdf-base.sty
Package: epstopdf-base 2020-01-24 v2.11 Base part for package epstopdf
Package epstopdf-base Info: Redefining graphics rule for `.eps' on input line 4
85.

(/usr/share/texlive/texmf-dist/tex/latex/latexconfig/epstopdf-sys.cfg
File: epstopdf-sys.cfg 2010/07/13 v1.3 Configuration of (r)epstopdf for TeX Liv
e
))
Package caption Info: Begin \AtBeginDocument code.
Package caption Info: hyperref package is loaded.
Package caption Info: rotating package is loaded.
Package caption Info: End \AtBeginDocument code.
Package hyperref Info: Link coloring OFF on input line 68.

(/usr/share/texlive/texmf-dist/tex/latex/hyperref/nameref.sty
Package: nameref 2021-04-02 v2.47 Cross-referencing by name of section

(/usr/share/texlive/texmf-dist/tex/latex/refcount/refcount.sty
Package: refcount 2019/12/15 v3.6 Data extraction from label references (HO)
)
(/usr/share/texlive/texmf-dist/tex/generic/gettitlestring/gettitlestring.sty
Package: gettitlestring 2019/12/15 v1.6 Cleanup title references (HO)
)
\c@section@level=\count308
)
LaTeX Info: Redefining \ref on input line 68.
LaTeX Info: Redefining \pageref on input line 68.
LaTeX Info: Redefining \nameref on input line 68.

(./main.out) (./main.out)
\@outlinefile=\write3
\openout3 = `main.out'.

LaTeX Font Info:    Trying to load font information for OT1+lmr on input line 7
4.
 (/usr/share/texmf/tex/latex/lm/ot1lmr.fd
File: ot1lmr.fd 2009/10/30 v1.6 Font defs for Latin Modern
)
LaTeX Font Info:    Trying to load font information for OML+lmm on input line 7
4.

(/usr/share/texmf/tex/latex/lm/omllmm.fd
File: omllmm.fd 2009/10/30 v1.6 Font defs for Latin Modern
)
LaTeX Font Info:    Trying to load font information for OMS+lmsy on input line 
74.

(/usr/share/texmf/tex/latex/lm/omslmsy.fd
File: omslmsy.fd 2009/10/30 v1.6 Font defs for Latin Modern
)
LaTeX Font Info:    Trying to load font information for OMX+lmex on input line 
74.

(/usr/share/texmf/tex/latex/lm/omxlmex.fd
File: omxlmex.fd 2009/10/30 v1.6 Font defs for Latin Modern
)
LaTeX Font Info:    External font `lmex10' loaded for size
(Font)              <14.4> on input line 74.
LaTeX Font Info:    External font `lmex10' loaded for size
(Font)              <10> on input line 74.
LaTeX Font Info:    External font `lmex10' loaded for size
(Font)              <7> on input line 74.
LaTeX Font Info:    Trying to load font information for U+msa on input line 74.


(/usr/share/texlive/texmf-dist/tex/latex/amsfonts/umsa.fd
File: umsa.fd 2013/01/14 v3.01 AMS symbols A
)
LaTeX Font Info:    Trying to load font information for U+msb on input line 74.


(/usr/share/texlive/texmf-dist/tex/latex/amsfonts/umsb.fd
File: umsb.fd 2013/01/14 v3.01 AMS symbols B
)
LaTeX Font Info:    External font `lmex10' loaded for size
(Font)              <10.95> on input line 77.
LaTeX Font Info:    External font `lmex10' loaded for size
(Font)              <8> on input line 77.
LaTeX Font Info:    External font `lmex10' loaded for size
(Font)              <6> on input line 77.
 [1

{/var/lib/texmf/fonts/map/pdftex/updmap/pdftex.map}]
LaTeX Font Info:    External font `lmex10' loaded for size
(Font)              <12> on input line 94.
 [2] [3] [4] [5]
LaTeX Font Info:    Trying to load font information for TS1+lmr on input line 1
82.

(/usr/share/texmf/tex/latex/lm/ts1lmr.fd
File: ts1lmr.fd 2009/10/30 v1.6 Font defs for Latin Modern
) [6] [7]
Overfull \hbox (6.4119pt too wide) in paragraph at lines 257--258
\T1/lmr/m/n/12 The multi-task Bayes risk ad-mits a re-veal-ing pair-wise de-com
-po-si-tion that will be the workhorse
 []

[8] [9] [10] [11] [12]

pdfTeX warning: pdflatex (file ./figures/sim1_sim3/sim3_region_percept_allocati
on.pdf): PDF inclusion: found PDF version <1.7>, but at most version <1.5> allo
wed
<figures/sim1_sim3/sim3_region_percept_allocation.pdf, id=462, 923.45pt x 542.0
25pt>
File: figures/sim1_sim3/sim3_region_percept_allocation.pdf Graphic file (type p
df)
<use figures/sim1_sim3/sim3_region_percept_allocation.pdf>
Package pdftex.def Info: figures/sim1_sim3/sim3_region_percept_allocation.pdf  
used on input line 457.
(pdftex.def)             Requested size: 225.4804pt x 132.34653pt.


pdfTeX warning: pdflatex (file ./figures/sim1_sim3/sim3_final_vs_optimal_risk.p
df): PDF inclusion: found PDF version <1.7>, but at most version <1.5> allowed
<figures/sim1_sim3/sim3_final_vs_optimal_risk.pdf, id=463, 923.45pt x 542.025pt
>
File: figures/sim1_sim3/sim3_final_vs_optimal_risk.pdf Graphic file (type pdf)
<use figures/sim1_sim3/sim3_final_vs_optimal_risk.pdf>
Package pdftex.def Info: figures/sim1_sim3/sim3_final_vs_optimal_risk.pdf  used
 on input line 464.
(pdftex.def)             Requested size: 225.4804pt x 132.34653pt.

Overfull \hbox (2.10103pt too wide) in paragraph at lines 475--476
\T1/lmr/bx/n/12 Proposition 4.3 \T1/lmr/m/n/12 (Gauge de-gen-er-acy of eco-log-
i-cal op-tima)\T1/lmr/bx/n/12 . \T1/lmr/m/it/12 Let $\OT1/lmr/m/n/12 [\OML/lmm/
m/it/12 w\OT1/lmr/m/n/12 ][]$ \T1/lmr/m/it/12 de-note a task-equivalence
 []

[13] [14 <./figures/sim1_sim3/sim3_region_percept_allocation.pdf> <./figures/si
m1_sim3/sim3_final_vs_optimal_risk.pdf

pdfTeX warning: pdflatex (file ./figures/sim1_sim3/sim3_final_vs_optimal_risk.p
df): PDF inclusion: multiple pdfs with page group included in a single page
>] [15]

pdfTeX warning: pdflatex (file ./figures/sim1_sim3/sim1_final_risk_vs_T.pdf): P
DF inclusion: found PDF version <1.7>, but at most version <1.5> allowed
<figures/sim1_sim3/sim1_final_risk_vs_T.pdf, id=526, 903.375pt x 521.95pt>
File: figures/sim1_sim3/sim1_final_risk_vs_T.pdf Graphic file (type pdf)
<use figures/sim1_sim3/sim1_final_risk_vs_T.pdf>
Package pdftex.def Info: figures/sim1_sim3/sim1_final_risk_vs_T.pdf  used on in
put line 562.
(pdftex.def)             Requested size: 225.4804pt x 130.27214pt.


pdfTeX warning: pdflatex (file ./figures/sim1_sim3/sim1_pred_delta_vs_T.pdf): P
DF inclusion: found PDF version <1.7>, but at most version <1.5> allowed
<figures/sim1_sim3/sim1_pred_delta_vs_T.pdf, id=527, 903.375pt x 521.95pt>
File: figures/sim1_sim3/sim1_pred_delta_vs_T.pdf Graphic file (type pdf)
<use figures/sim1_sim3/sim1_pred_delta_vs_T.pdf>
Package pdftex.def Info: figures/sim1_sim3/sim1_pred_delta_vs_T.pdf  used on in
put line 569.
(pdftex.def)             Requested size: 225.4804pt x 130.27214pt.
[16 <./figures/sim1_sim3/sim1_final_risk_vs_T.pdf> <./figures/sim1_sim3/sim1_pr
ed_delta_vs_T.pdf

pdfTeX warning: pdflatex (file ./figures/sim1_sim3/sim1_pred_delta_vs_T.pdf): P
DF inclusion: multiple pdfs with page group included in a single page
>] [17] [18]
Overfull \hbox (4.99728pt too wide) in paragraph at lines 692--694
\T1/lmr/m/it/12 Hence $\OML/lmm/m/it/12 T$ \T1/lmr/m/it/12 scales poly-no-mi-al
ly in $\OML/lmm/m/it/12 N$ \T1/lmr/m/it/12 and in-versely with the squared spec
-tral bot-tle-neck $\OML/lmm/m/it/12 ^^U[]\OT1/lmr/m/n/12 (^^F[]\OMS/lmsy/m/n/1
2 j[]\OT1/lmr/m/n/12 )$\T1/lmr/m/it/12 . 
 []

LaTeX Font Info:    Trying to load font information for T1+lmtt on input line 7
02.
(/usr/share/texmf/tex/latex/lm/t1lmtt.fd
File: t1lmtt.fd 2009/10/30 v1.6 Font defs for Latin Modern
)

pdfTeX warning: pdflatex (file ./figures/sim2/sigma2_distributions.pdf): PDF in
clusion: found PDF version <1.7>, but at most version <1.5> allowed
<figures/sim2/sigma2_distributions.pdf, id=637, 823.075pt x 441.65pt>
File: figures/sim2/sigma2_distributions.pdf Graphic file (type pdf)
<use figures/sim2/sigma2_distributions.pdf>
Package pdftex.def Info: figures/sim2/sigma2_distributions.pdf  used on input l
ine 706.
(pdftex.def)             Requested size: 446.26582pt x 239.45786pt.
[19]

pdfTeX warning: pdflatex (file ./figures/sim2/veridicality_vs_delta_mu.pdf): PD
F inclusion: found PDF version <1.7>, but at most version <1.5> allowed
<figures/sim2/veridicality_vs_delta_mu.pdf, id=652, 752.8125pt x 481.8pt>
File: figures/sim2/veridicality_vs_delta_mu.pdf Graphic file (type pdf)
<use figures/sim2/veridicality_vs_delta_mu.pdf>
Package pdftex.def Info: figures/sim2/veridicality_vs_delta_mu.pdf  used on inp
ut line 719.
(pdftex.def)             Requested size: 399.29463pt x 255.55127pt.
[20 <./figures/sim2/sigma2_distributions.pdf>] [21 <./figures/sim2/veridicality
_vs_delta_mu.pdf>]
Overfull \hbox (5.25829pt too wide) in paragraph at lines 726--727
 []\T1/lmr/bx/n/12 Family and ca-pac-ity de-com-po-si-tion.[] \T1/lmr/m/n/12 Fi
g-ure []5[] pro-vides a com-ple-men-tary view. Panel (a)
 []



pdfTeX warning: pdflatex (file ./figures/sim2/sim2_family_overlay_full_vs_T.pdf
): PDF inclusion: found PDF version <1.7>, but at most version <1.5> allowed
<figures/sim2/sim2_family_overlay_full_vs_T.pdf, id=729, 481.8pt x 501.875pt>
File: figures/sim2/sim2_family_overlay_full_vs_T.pdf Graphic file (type pdf)
<use figures/sim2/sim2_family_overlay_full_vs_T.pdf>
Package pdftex.def Info: figures/sim2/sim2_family_overlay_full_vs_T.pdf  used o
n input line 732.
(pdftex.def)             Requested size: 225.4804pt x 234.87042pt.


pdfTeX warning: pdflatex (file ./figures/sim2/sim2_capacity_contrast_vert.pdf):
 PDF inclusion: found PDF version <1.7>, but at most version <1.5> allowed
<figures/sim2/sim2_capacity_contrast_vert.pdf, id=730, 481.8pt x 501.875pt>
File: figures/sim2/sim2_capacity_contrast_vert.pdf Graphic file (type pdf)
<use figures/sim2/sim2_capacity_contrast_vert.pdf>
Package pdftex.def Info: figures/sim2/sim2_capacity_contrast_vert.pdf  used on 
input line 739.
(pdftex.def)             Requested size: 225.4804pt x 234.87042pt.
[22] [23 <./figures/sim2/sim2_family_overlay_full_vs_T.pdf> <./figures/sim2/sim
2_capacity_contrast_vert.pdf

pdfTeX warning: pdflatex (file ./figures/sim2/sim2_capacity_contrast_vert.pdf):
 PDF inclusion: multiple pdfs with page group included in a single page
>]

pdfTeX warning: pdflatex (file ./figures/sim2/sim2_strong_claim_regimes.pdf): P
DF inclusion: found PDF version <1.7>, but at most version <1.5> allowed
<figures/sim2/sim2_strong_claim_regimes.pdf, id=778, 1204.5pt x 461.725pt>
File: figures/sim2/sim2_strong_claim_regimes.pdf Graphic file (type pdf)
<use figures/sim2/sim2_strong_claim_regimes.pdf>
Package pdftex.def Info: figures/sim2/sim2_strong_claim_regimes.pdf  used on in
put line 753.
(pdftex.def)             Requested size: 469.75502pt x 180.07202pt.
[24]
Overfull \hbox (13.79956pt too wide) in paragraph at lines 770--771
[]\T1/lmr/bx/n/12 Quasispecies the-ory \T1/lmr/m/n/12 (ź[]7.5[]) pro-vides the 
\T1/lmr/m/it/12 dy-nam-i-cal \T1/lmr/m/n/12 re-sult. In the frequency-independe
nt
 []


Overfull \hbox (1.48463pt too wide) in paragraph at lines 770--771
\T1/lmr/m/n/12 the-ory yields con-ver-gence to the dom-i-nant mutation-accessib
le asymp-totic regime (equi-
 []


Overfull \hbox (4.71516pt too wide) in paragraph at lines 770--771
\T1/lmr/m/n/12 equi-lib-rium is re-cov-ered when quo-tient mu-ta-tion is prim-i
-tive (The-o-rem []7.5[], Re-mark []7.8[]). 
 []

[25 <./figures/sim2/sim2_strong_claim_regimes.pdf>]
Overfull \hbox (6.00946pt too wide) in paragraph at lines 775--776
\T1/lmr/m/n/12 stochas-tic pro-cess around that law. This sep-a-ra-tion also al
igns with the selection-for/selection-
 []


Overfull \hbox (5.14159pt too wide) in paragraph at lines 775--776
\T1/lmr/m/n/12 of dis-tinc-tion: co-vari-ance de-com-po-si-tion alone does not 
es-tab-lish long-run adap-ta-tion, whereas
 []

[26] [27] [28]

pdfTeX warning: pdflatex (file ./figures/sim1_sim3/sim1_risk_trajectories_selec
ted_T.pdf): PDF inclusion: found PDF version <1.7>, but at most version <1.5> a
llowed
<figures/sim1_sim3/sim1_risk_trajectories_selected_T.pdf, id=868, 983.675pt x 5
62.1pt>
File: figures/sim1_sim3/sim1_risk_trajectories_selected_T.pdf Graphic file (typ
e pdf)
<use figures/sim1_sim3/sim1_risk_trajectories_selected_T.pdf>
Package pdftex.def Info: figures/sim1_sim3/sim1_risk_trajectories_selected_T.pd
f  used on input line 900.
(pdftex.def)             Requested size: 352.31625pt x 201.32661pt.
[29 <./figures/sim1_sim3/sim1_risk_trajectories_selected_T.pdf>]

pdfTeX warning: pdflatex (file ./figures/sim2/veridicality_trajectories_by_fami
ly.pdf): PDF inclusion: found PDF version <1.7>, but at most version <1.5> allo
wed
<figures/sim2/veridicality_trajectories_by_family.pdf, id=894, 1104.125pt x 521
.95pt>
File: figures/sim2/veridicality_trajectories_by_family.pdf Graphic file (type p
df)
<use figures/sim2/veridicality_trajectories_by_family.pdf>
Package pdftex.def Info: figures/sim2/veridicality_trajectories_by_family.pdf  
used on input line 909.
(pdftex.def)             Requested size: 446.26582pt x 210.96648pt.
[30 <./figures/sim2/veridicality_trajectories_by_family.pdf>] [31] [32]
[33]

pdfTeX warning: pdflatex (file ./figures/theorems/fig_theorem_dynamics_panels.p
df): PDF inclusion: found PDF version <1.7>, but at most version <1.5> allowed
<figures/theorems/fig_theorem_dynamics_panels.pdf, id=976, 782.925pt x 321.2pt>

File: figures/theorems/fig_theorem_dynamics_panels.pdf Graphic file (type pdf)
<use figures/theorems/fig_theorem_dynamics_panels.pdf>
Package pdftex.def Info: figures/theorems/fig_theorem_dynamics_panels.pdf  used
 on input line 1064.
(pdftex.def)             Requested size: 469.75502pt x 192.72148pt.

Overfull \hbox (4.95973pt too wide) in paragraph at lines 1074--1075
\T1/lmr/bx/n/12 Theorem 7.9 \T1/lmr/m/n/12 (Wright---Fisher un-der con-strained
 mu-ta-tion)\T1/lmr/bx/n/12 . \T1/lmr/m/it/12 For the finite-population Wright-
-
 []

[34 <./figures/theorems/fig_theorem_dynamics_panels.pdf>] [35]

pdfTeX warning: pdflatex (file ./figures/quick_checks/deterministic_claim_check
.pdf): PDF inclusion: found PDF version <1.7>, but at most version <1.5> allowe
d
<figures/quick_checks/deterministic_claim_check.pdf, id=1053, 1204.5pt x 421.57
5pt>
File: figures/quick_checks/deterministic_claim_check.pdf Graphic file (type pdf
)
<use figures/quick_checks/deterministic_claim_check.pdf>
Package pdftex.def Info: figures/quick_checks/deterministic_claim_check.pdf  us
ed on input line 1127.
(pdftex.def)             Requested size: 469.75502pt x 164.41357pt.
[36] [37 <./figures/quick_checks/deterministic_claim_check.pdf>] [38] [39]
[40] [41] [42] (./main.bbl [43] [44]) [45] [46] [47]
Overfull \hbox (16.09004pt too wide) in paragraph at lines 1383--1383
[]\T1/lmr/bx/n/14.4 Small-Mutation Ex-pan-sion in Dom-i-nant Class (The-o-rem 7
.5[](b)) 
 []

[48] [49] [50]
Overfull \hbox (71.90482pt too wide) in paragraph at lines 1522--1535
 [][] 
 []

[51] [52] (./main.aux)
Package rerunfilecheck Info: File `main.out' has not changed.
(rerunfilecheck)             Checksum: 22EDF0C95E704BF05FE8A3C8948303DA;10897.
 ) 
Here is how much of TeX's memory you used:
 15725 strings out of 480247
 267935 string characters out of 5896151
 554145 words of memory out of 5000000
 33130 multiletter control sequences out of 15000+600000
 572860 words of font info for 91 fonts, out of 8000000 for 9000
 14 hyphenation exceptions out of 8191
 67i,12n,77p,1999b,685s stack positions out of 5000i,500n,10000p,200000b,80000s
{/usr/share/texmf/fonts/enc/dvips/lm/lm-ec.enc}{/usr/share/texmf/fonts/enc/dv
ips/lm/lm-mathsy.enc}{/usr/share/texmf/fonts/enc/dvips/lm/lm-rm.enc}{/usr/share
/texmf/fonts/enc/dvips/lm/lm-mathit.enc}{/usr/share/texmf/fonts/enc/dvips/lm/lm
-mathex.enc}{/usr/share/texmf/fonts/enc/dvips/lm/lm-ts1.enc}</usr/share/texmf/f
onts/type1/public/lm/lmbx10.pfb></usr/share/texmf/fonts/type1/public/lm/lmbx12.
pfb></usr/share/texmf/fonts/type1/public/lm/lmbxi10.pfb></usr/share/texmf/fonts
/type1/public/lm/lmex10.pfb></usr/share/texmf/fonts/type1/public/lm/lmmi10.pfb>
</usr/share/texmf/fonts/type1/public/lm/lmmi12.pfb></usr/share/texmf/fonts/type
1/public/lm/lmmi6.pfb></usr/share/texmf/fonts/type1/public/lm/lmmi8.pfb></usr/s
hare/texmf/fonts/type1/public/lm/lmr10.pfb></usr/share/texmf/fonts/type1/public
/lm/lmr12.pfb></usr/share/texmf/fonts/type1/public/lm/lmr17.pfb></usr/share/tex
mf/fonts/type1/public/lm/lmr6.pfb></usr/share/texmf/fonts/type1/public/lm/lmr8.
pfb></usr/share/texmf/fonts/type1/public/lm/lmri10.pfb></usr/share/texmf/fonts/
type1/public/lm/lmri12.pfb></usr/share/texmf/fonts/type1/public/lm/lmri8.pfb></
usr/share/texmf/fonts/type1/public/lm/lmsy10.pfb></usr/share/texmf/fonts/type1/
public/lm/lmsy6.pfb></usr/share/texmf/fonts/type1/public/lm/lmsy8.pfb></usr/sha
re/texmf/fonts/type1/public/lm/lmtt10.pfb></usr/share/texmf/fonts/type1/public/
lm/lmtt12.pfb></usr/share/texlive/texmf-dist/fonts/type1/public/amsfonts/symbol
s/msbm10.pfb>
Output written on main.pdf (52 pages, 1034894 bytes).
PDF statistics:
 1485 PDF objects out of 1728 (max. 8388607)
 1264 compressed objects within 13 object streams
 303 named destinations out of 1000 (max. 500000)
 434 words of extra memory for PDF output out of 10000 (max. 10000000)

