\BOOKMARK [1][-]{section.1}{\376\377\000I\000n\000t\000r\000o\000d\000u\000c\000t\000i\000o\000n}{}% 1
\BOOKMARK [2][-]{subsection.1.1}{\376\377\000R\000e\000l\000a\000t\000e\000d\000\040\000W\000o\000r\000k\000\040\000a\000n\000d\000\040\000I\000n\000t\000e\000l\000l\000e\000c\000t\000u\000a\000l\000\040\000G\000e\000n\000e\000a\000l\000o\000g\000y}{section.1}% 2
\BOOKMARK [1][-]{section.2}{\376\377\000F\000r\000a\000m\000e\000w\000o\000r\000k}{}% 3
\BOOKMARK [2][-]{subsection.2.1}{\376\377\000W\000o\000r\000l\000d\000,\000\040\000E\000n\000c\000o\000d\000i\000n\000g\000,\000\040\000T\000a\000s\000k\000s}{section.2}% 4
\BOOKMARK [2][-]{subsection.2.2}{\376\377\000B\000a\000y\000e\000s\000\040\000R\000i\000s\000k}{section.2}% 5
\BOOKMARK [2][-]{subsection.2.3}{\376\377\000T\000h\000e\000\040\000P\000a\000i\000r\000w\000i\000s\000e\000\040\000D\000e\000c\000o\000m\000p\000o\000s\000i\000t\000i\000o\000n}{section.2}% 6
\BOOKMARK [1][-]{section.3}{\376\377\000T\000h\000e\000\040\000S\000e\000p\000a\000r\000a\000t\000i\000o\000n\000\040\000C\000o\000n\000d\000i\000t\000i\000o\000n}{}% 7
\BOOKMARK [1][-]{section.4}{\376\377\000S\000t\000a\000t\000i\000c\000\040\000O\000p\000t\000i\000m\000a\000l\000i\000t\000y\000\040\000T\000h\000e\000o\000r\000e\000m\000s}{}% 8
\BOOKMARK [1][-]{section.5}{\376\377\000C\000o\000n\000c\000e\000n\000t\000r\000a\000t\000i\000o\000n\000\040\000a\000n\000d\000\040\000F\000i\000n\000i\000t\000e\000-\000S\000a\000m\000p\000l\000e\000\040\000G\000u\000a\000r\000a\000n\000t\000e\000e\000s}{}% 9
\BOOKMARK [1][-]{section.6}{\376\377\000G\000a\000u\000s\000s\000i\000a\000n\000\040\000T\000a\000s\000k\000\040\000M\000o\000d\000e\000l\000\040\000a\000n\000d\000\040\000S\000p\000e\000c\000t\000r\000a\000l\000\040\000A\000n\000a\000l\000y\000s\000i\000s}{}% 10
\BOOKMARK [2][-]{subsection.6.1}{\376\377\000S\000e\000t\000u\000p}{section.6}% 11
\BOOKMARK [1][-]{section.7}{\376\377\000E\000v\000o\000l\000u\000t\000i\000o\000n\000a\000r\000y\000\040\000D\000y\000n\000a\000m\000i\000c\000s\000\040\000v\000i\000a\000\040\000P\000r\000i\000c\000e\000'\000s\000\040\000E\000q\000u\000a\000t\000i\000o\000n}{}% 12
\BOOKMARK [2][-]{subsection.7.1}{\376\377\000P\000o\000p\000u\000l\000a\000t\000i\000o\000n\000\040\000M\000o\000d\000e\000l}{section.7}% 13
\BOOKMARK [2][-]{subsection.7.2}{\376\377\000P\000r\000i\000c\000e\000'\000s\000\040\000E\000q\000u\000a\000t\000i\000o\000n}{section.7}% 14
\BOOKMARK [2][-]{subsection.7.3}{\376\377\000F\000i\000s\000h\000e\000r\000'\000s\000\040\000F\000u\000n\000d\000a\000m\000e\000n\000t\000a\000l\000\040\000T\000h\000e\000o\000r\000e\000m}{section.7}% 15
\BOOKMARK [2][-]{subsection.7.4}{\376\377\000P\000r\000i\000c\000e\000\040\000E\000q\000u\000a\000t\000i\000o\000n\000\040\000f\000o\000r\000\040\000B\000a\000y\000e\000s\000\040\000R\000i\000s\000k}{section.7}% 16
\BOOKMARK [2][-]{subsection.7.5}{\376\377\000Q\000u\000o\000t\000i\000e\000n\000t\000-\000S\000p\000a\000c\000e\000\040\000C\000o\000n\000v\000e\000r\000g\000e\000n\000c\000e\000\040\000D\000y\000n\000a\000m\000i\000c\000s}{section.7}% 17
\BOOKMARK [3][-]{subsubsection.7.5.1}{\376\377\000T\000h\000e\000\040\000Q\000u\000a\000s\000i\000s\000p\000e\000c\000i\000e\000s\000\040\000R\000e\000c\000u\000r\000s\000i\000o\000n}{subsection.7.5}% 18
\BOOKMARK [3][-]{subsubsection.7.5.2}{\376\377\000T\000h\000e\000\040\000P\000e\000r\000r\000o\000n\040\023\000F\000r\000o\000b\000e\000n\000i\000u\000s\000\040\000A\000r\000g\000u\000m\000e\000n\000t}{subsection.7.5}% 19
\BOOKMARK [3][-]{subsubsection.7.5.3}{\376\377\000F\000i\000n\000i\000t\000e\000-\000P\000o\000p\000u\000l\000a\000t\000i\000o\000n\000\040\000C\000o\000n\000v\000e\000r\000g\000e\000n\000c\000e}{subsection.7.5}% 20
\BOOKMARK [2][-]{subsection.7.6}{\376\377\000C\000o\000m\000b\000i\000n\000i\000n\000g\000:\000\040\000C\000o\000m\000p\000l\000e\000t\000e\000\040\000E\000v\000o\000l\000u\000t\000i\000o\000n\000a\000r\000y\000\040\000P\000i\000c\000t\000u\000r\000e}{section.7}% 21
\BOOKMARK [1][-]{section.8}{\376\377\000R\000e\000c\000o\000v\000e\000r\000y\000\040\000o\000f\000\040\000P\000r\000i\000o\000r\000\040\000R\000e\000s\000u\000l\000t\000s}{}% 22
\BOOKMARK [1][-]{section.9}{\376\377\000D\000i\000s\000c\000u\000s\000s\000i\000o\000n}{}% 23
\BOOKMARK [2][-]{subsection.9.1}{\376\377\000S\000u\000m\000m\000a\000r\000y\000\040\000o\000f\000\040\000C\000o\000n\000t\000r\000i\000b\000u\000t\000i\000o\000n\000s}{section.9}% 24
\BOOKMARK [2][-]{subsection.9.2}{\376\377\000T\000h\000e\000\040\000R\000o\000l\000e\000\040\000o\000f\000\040\000C\000o\000g\000n\000i\000t\000i\000v\000e\000\040\000I\000m\000p\000e\000n\000e\000t\000r\000a\000b\000i\000l\000i\000t\000y}{section.9}% 25
\BOOKMARK [2][-]{subsection.9.3}{\376\377\000L\000e\000v\000e\000l\000s\000\040\000o\000f\000\040\000A\000n\000a\000l\000y\000s\000i\000s\000:\000\040\000S\000t\000a\000t\000i\000c\000\040\000O\000p\000t\000i\000m\000a\000l\000i\000t\000y\000,\000\040\000E\000v\000o\000l\000u\000t\000i\000o\000n\000,\000\040\000a\000n\000d\000\040\000D\000e\000v\000e\000l\000o\000p\000m\000e\000n\000t}{section.9}% 26
\BOOKMARK [2][-]{subsection.9.4}{\376\377\000R\000e\000l\000a\000t\000i\000v\000e\000\040\000V\000e\000r\000i\000d\000i\000c\000a\000l\000i\000t\000y\000\040\000a\000n\000d\000\040\000t\000h\000e\000\040\000E\000c\000o\000l\000o\000g\000i\000c\000a\000l\000\040\000U\000m\000w\000e\000l\000t}{section.9}% 27
\BOOKMARK [2][-]{subsection.9.5}{\376\377\000L\000i\000m\000i\000t\000a\000t\000i\000o\000n\000s\000\040\000a\000n\000d\000\040\000S\000h\000a\000r\000e\000d\000\040\000A\000s\000s\000u\000m\000p\000t\000i\000o\000n\000s}{section.9}% 28
\BOOKMARK [1][-]{appendix.A}{\376\377\000P\000r\000o\000o\000f\000\040\000D\000e\000t\000a\000i\000l\000s\000\040\000f\000o\000r\000\040\000t\000h\000e\000\040\000P\000a\000i\000r\000w\000i\000s\000e\000\040\000V\000a\000r\000i\000a\000n\000c\000e\000\040\000I\000d\000e\000n\000t\000i\000t\000y}{}% 29
\BOOKMARK [1][-]{appendix.B}{\376\377\000H\000o\000e\000f\000f\000d\000i\000n\000g\000'\000s\000\040\000I\000n\000e\000q\000u\000a\000l\000i\000t\000y}{}% 30
\BOOKMARK [1][-]{appendix.C}{\376\377\000H\000e\000u\000r\000i\000s\000t\000i\000c\000\040\000C\000o\000n\000n\000e\000c\000t\000i\000o\000n\000\040\000t\000o\000\040\000F\000r\000a\000n\000k\000'\000s\000\040\000F\000M\000B\000\040\000L\000a\000w}{}% 31
\BOOKMARK [1][-]{appendix.D}{\376\377\000F\000u\000l\000l\000\040\000P\000r\000o\000o\000f\000\040\000o\000f\000\040\000T\000h\000e\000o\000r\000e\000m\000\040\0007\000.\0004\000\040\000\050\000R\000e\000d\000u\000c\000i\000b\000l\000e\000,\000\040\000P\000r\000i\000m\000i\000t\000i\000v\000e\000-\000B\000l\000o\000c\000k\000\040\000C\000a\000s\000e\000\051}{}% 32
\BOOKMARK [2][-]{subsection.D.1}{\376\377\000S\000e\000t\000u\000p\000\040\000a\000n\000d\000\040\000F\000r\000o\000b\000e\000n\000i\000u\000s\000\040\000F\000o\000r\000m}{appendix.D}% 33
\BOOKMARK [2][-]{subsection.D.2}{\376\377\000P\000e\000r\000r\000o\000n\000\040\000E\000x\000p\000a\000n\000s\000i\000o\000n\000\040\000o\000n\000\040\000C\000l\000o\000s\000e\000d\000\040\000B\000l\000o\000c\000k\000s}{appendix.D}% 34
\BOOKMARK [2][-]{subsection.D.3}{\376\377\000U\000n\000i\000q\000u\000e\000\040\000D\000o\000m\000i\000n\000a\000n\000t\000\040\000R\000e\000a\000c\000h\000a\000b\000l\000e\000\040\000C\000l\000a\000s\000s\000\040\000\050\000T\000h\000e\000o\000r\000e\000m\000\040\0007\000.\0006\000\050\000a\000\051\000\051}{appendix.D}% 35
\BOOKMARK [2][-]{subsection.D.4}{\376\377\000T\000i\000e\000\040\000C\000a\000s\000e\000\040\000\050\000O\000u\000t\000s\000i\000d\000e\000\040\000T\000h\000e\000o\000r\000e\000m\000\040\0007\000.\0006\000\040\000A\000s\000s\000u\000m\000p\000t\000i\000o\000n\000\040\000\050\000i\000i\000i\000\051\000\051}{appendix.D}% 36
\BOOKMARK [2][-]{subsection.D.5}{\376\377\000S\000m\000a\000l\000l\000-\000M\000u\000t\000a\000t\000i\000o\000n\000\040\000E\000x\000p\000a\000n\000s\000i\000o\000n\000\040\000i\000n\000\040\000D\000o\000m\000i\000n\000a\000n\000t\000\040\000C\000l\000a\000s\000s\000\040\000\050\000T\000h\000e\000o\000r\000e\000m\000\040\0007\000.\0006\000\050\000b\000\051\000\051}{appendix.D}% 37
\BOOKMARK [2][-]{subsection.D.6}{\376\377\000S\000p\000e\000c\000t\000r\000a\000l\000-\000R\000a\000t\000i\000o\000\040\000B\000o\000u\000n\000d\000\040\000i\000n\000\040\000D\000o\000m\000i\000n\000a\000n\000t\000\040\000C\000l\000a\000s\000s\000\040\000\050\000T\000h\000e\000o\000r\000e\000m\000\040\0007\000.\0006\000\050\000c\000\051\000\051}{appendix.D}% 38
\BOOKMARK [2][-]{subsection.D.7}{\376\377\000P\000r\000i\000m\000i\000t\000i\000v\000e\000\040\000S\000p\000e\000c\000i\000a\000l\000\040\000C\000a\000s\000e\000\040\000\050\000C\000o\000r\000o\000l\000l\000a\000r\000i\000e\000s\000\040\0007\000.\0007\000\040\000a\000n\000d\000\040\0007\000.\0008\000\051}{appendix.D}% 39
\BOOKMARK [2][-]{subsection.D.8}{\376\377\000I\000r\000r\000e\000d\000u\000c\000i\000b\000l\000e\000\040\000b\000u\000t\000\040\000P\000e\000r\000i\000o\000d\000i\000c\000\040\000D\000o\000m\000i\000n\000a\000n\000t\000\040\000C\000l\000a\000s\000s\000\040\000\050\000E\000x\000t\000e\000n\000s\000i\000o\000n\000\040\000o\000f\000\040\000R\000e\000m\000a\000r\000k\000\040\0007\000.\0009\000\051}{appendix.D}% 40
\BOOKMARK [1][-]{appendix.E}{\376\377\000D\000e\000t\000a\000i\000l\000e\000d\000\040\000R\000e\000c\000o\000v\000e\000r\000y\000\040\000o\000f\000\040\000P\000r\000i\000o\000r\000\040\000R\000e\000s\000u\000l\000t\000s}{}% 41
\BOOKMARK [2][-]{subsection.E.1}{\376\377\000H\000o\000f\000f\000m\000a\000n\000'\000s\000\040\000F\000B\000T\000\040\000a\000s\000\040\000t\000h\000e\000\040\000T\000=\0001\000\040\000S\000p\000e\000c\000i\000a\000l\000\040\000C\000a\000s\000e}{appendix.E}% 42
\BOOKMARK [2][-]{subsection.E.2}{\376\377\000B\000e\000r\000k\000e\000\040\000e\000t\000\040\000a\000l\000.\000'\000s\000\040\000S\000i\000m\000u\000l\000a\000t\000i\000o\000n\000s\000\040\000a\000s\000\040\000N\000u\000m\000e\000r\000i\000c\000a\000l\000\040\000I\000n\000s\000t\000a\000n\000c\000e}{appendix.E}% 43
\BOOKMARK [2][-]{subsection.E.3}{\376\377\000T\000a\000s\000k\000-\000F\000a\000m\000i\000l\000y\000\040\000G\000e\000o\000m\000e\000t\000r\000y\000\040\000a\000n\000d\000\040\000C\000a\000p\000a\000c\000i\000t\000y\000\040\000T\000h\000r\000e\000s\000h\000o\000l\000d}{appendix.E}% 44
\BOOKMARK [2][-]{subsection.E.4}{\376\377\000E\000c\000o\000l\000o\000g\000i\000c\000a\000l\000\040\000W\000e\000i\000g\000h\000t\000i\000n\000g\000\040\000i\000n\000\040\000t\000h\000e\000\040\000L\000o\000s\000s\000y\000\040\000R\000e\000g\000i\000m\000e}{appendix.E}% 45
\BOOKMARK [1][-]{appendix.F}{\376\377\000S\000u\000p\000p\000l\000e\000m\000e\000n\000t\000a\000r\000y\000\040\000C\000o\000m\000p\000u\000t\000a\000t\000i\000o\000n\000a\000l\000\040\000F\000i\000g\000u\000r\000e\000s}{}% 46
